2023-05-03 17:28:14.605 +06 [7884] СООБЩЕНИЕ:  начата контрольная точка: time
2023-05-03 17:28:15.707 +06 [7884] СООБЩЕНИЕ:  контрольная точка завершена: записано буферов: 10 (0.1%); добавлено файлов WAL 0, удалено: 0, переработано: 0; запись=1.086 сек., синхр.=0.007 сек., всего=1.103 сек.; синхронизировано_файлов=7, самая_долгая_синхр.=0.002 сек., средняя=0.001 сек.; расстояние=10 kB, ожидалось=180 kB
2023-05-03 17:33:14.712 +06 [7884] СООБЩЕНИЕ:  начата контрольная точка: time
2023-05-03 17:33:19.571 +06 [7884] СООБЩЕНИЕ:  контрольная точка завершена: записано буферов: 45 (0.3%); добавлено файлов WAL 0, удалено: 0, переработано: 1; запись=4.824 сек., синхр.=0.021 сек., всего=4.859 сек.; синхронизировано_файлов=32, самая_долгая_синхр.=0.002 сек., средняя=0.001 сек.; расстояние=235 kB, ожидалось=235 kB
2023-05-03 17:37:53.416 +06 [19644] РЎРћРћР‘Р©Р•РќРР•:  РЅРµ СѓРґР°Р»РѕСЃСЊ РїРѕР»СѓС‡РёС‚СЊ РґР°РЅРЅС‹Рµ РѕС‚ РєР»РёРµРЅС‚Р°: An existing connection was forcibly closed by the remote host.
	
2023-05-03 17:38:14.573 +06 [7884] СООБЩЕНИЕ:  начата контрольная точка: time
2023-05-03 17:38:15.013 +06 [7884] СООБЩЕНИЕ:  контрольная точка завершена: записано буферов: 4 (0.0%); добавлено файлов WAL 0, удалено: 0, переработано: 0; запись=0.427 сек., синхр.=0.006 сек., всего=0.440 сек.; синхронизировано_файлов=1, самая_долгая_синхр.=0.006 сек., средняя=0.006 сек.; расстояние=8 kB, ожидалось=212 kB
2023-05-03 17:43:14.017 +06 [7884] СООБЩЕНИЕ:  начата контрольная точка: time
2023-05-03 17:43:14.690 +06 [7884] СООБЩЕНИЕ:  контрольная точка завершена: записано буферов: 7 (0.0%); добавлено файлов WAL 0, удалено: 0, переработано: 0; запись=0.657 сек., синхр.=0.005 сек., всего=0.674 сек.; синхронизировано_файлов=6, самая_долгая_синхр.=0.002 сек., средняя=0.001 сек.; расстояние=15 kB, ожидалось=192 kB
2023-05-03 17:48:14.703 +06 [7884] СООБЩЕНИЕ:  начата контрольная точка: time
2023-05-03 17:48:15.688 +06 [7884] СООБЩЕНИЕ:  контрольная точка завершена: записано буферов: 10 (0.1%); добавлено файлов WAL 0, удалено: 0, переработано: 0; запись=0.972 сек., синхр.=0.006 сек., всего=0.986 сек.; синхронизировано_файлов=9, самая_долгая_синхр.=0.001 сек., средняя=0.001 сек.; расстояние=24 kB, ожидалось=176 kB
2023-05-03 17:53:14.693 +06 [7884] СООБЩЕНИЕ:  начата контрольная точка: time
2023-05-03 17:53:15.139 +06 [7884] СООБЩЕНИЕ:  контрольная точка завершена: записано буферов: 5 (0.0%); добавлено файлов WAL 0, удалено: 0, переработано: 0; запись=0.435 сек., синхр.=0.003 сек., всего=0.446 сек.; синхронизировано_файлов=4, самая_долгая_синхр.=0.001 сек., средняя=0.001 сек.; расстояние=6 kB, ожидалось=159 kB
2023-05-03 17:58:14.144 +06 [7884] СООБЩЕНИЕ:  начата контрольная точка: time
2023-05-03 17:58:14.714 +06 [7884] СООБЩЕНИЕ:  контрольная точка завершена: записано буферов: 6 (0.0%); добавлено файлов WAL 0, удалено: 0, переработано: 0; запись=0.540 сек., синхр.=0.009 сек., всего=0.571 сек.; синхронизировано_файлов=6, самая_долгая_синхр.=0.005 сек., средняя=0.002 сек.; расстояние=18 kB, ожидалось=145 kB
2023-05-03 18:54:22.631 +06 [24528] РћРЁРР‘РљРђ:  РѕС€РёР±РєР° СЃРёРЅС‚Р°РєСЃРёСЃР° (РїСЂРёРјРµСЂРЅРѕРµ РїРѕР»РѕР¶РµРЅРёРµ: "'name'") (СЃРёРјРІРѕР» 35)
2023-05-03 18:54:22.631 +06 [24528] РћРџР•Р РђРўРћР :  
	    SELECT * FROM phonebook2 SET 'name' = 'Katerina' WHERE id '5'
2023-05-03 18:54:53.275 +06 [13764] РћРЁРР‘РљРђ:  РѕС€РёР±РєР° СЃРёРЅС‚Р°РєСЃРёСЃР° (РїСЂРёРјРµСЂРЅРѕРµ РїРѕР»РѕР¶РµРЅРёРµ: "name") (СЃРёРјРІРѕР» 35)
2023-05-03 18:54:53.275 +06 [13764] РћРџР•Р РђРўРћР :  
	    SELECT * FROM phonebook2 SET name = 'Katerina' WHERE id '5'
2023-05-03 18:59:29.650 +06 [372] РћРЁРР‘РљРђ:  РѕС€РёР±РєР° СЃРёРЅС‚Р°РєСЃРёСЃР° (РїСЂРёРјРµСЂРЅРѕРµ РїРѕР»РѕР¶РµРЅРёРµ: "name") (СЃРёРјРІРѕР» 34)
2023-05-03 18:59:29.650 +06 [372] РћРџР•Р РђРўРћР :  
	    SELECT * FROM phonebook SET name= 'Katerina' WHERE id = '5'
2023-05-03 19:03:14.808 +06 [7884] СООБЩЕНИЕ:  начата контрольная точка: time
2023-05-03 19:03:15.050 +06 [7884] СООБЩЕНИЕ:  контрольная точка завершена: записано буферов: 2 (0.0%); добавлено файлов WAL 0, удалено: 0, переработано: 0; запись=0.226 сек., синхр.=0.007 сек., всего=0.242 сек.; синхронизировано_файлов=2, самая_долгая_синхр.=0.006 сек., средняя=0.004 сек.; расстояние=4 kB, ожидалось=131 kB
2023-05-03 19:06:28.236 +06 [20780] РћРЁРР‘РљРђ:  РѕС€РёР±РєР° СЃРёРЅС‚Р°РєСЃРёСЃР° (РїСЂРёРјРµСЂРЅРѕРµ РїРѕР»РѕР¶РµРЅРёРµ: "name") (СЃРёРјРІРѕР» 35)
2023-05-03 19:06:28.236 +06 [20780] РћРџР•Р РђРўРћР :  
	    SELECT 8 FROM phonebook2 SET name = 'Katerina' WHERE id = '3';
	
2023-05-03 19:09:37.054 +06 [21188] РћРЁРР‘РљРђ:  РѕС‚РЅРѕС€РµРЅРёРµ "phonebook2.public" РЅРµ СЃСѓС‰РµСЃС‚РІСѓРµС‚ (СЃРёРјРІРѕР» 15)
2023-05-03 19:09:37.054 +06 [21188] РћРџР•Р РђРўРћР :  SELECT * FROM phonebook2.public
	WHERE name = 'Katerina'
2023-05-03 19:14:25.880 +06 [20780] РЎРћРћР‘Р©Р•РќРР•:  РЅРµ СѓРґР°Р»РѕСЃСЊ РїРѕР»СѓС‡РёС‚СЊ РґР°РЅРЅС‹Рµ РѕС‚ РєР»РёРµРЅС‚Р°: An existing connection was forcibly closed by the remote host.
	
2023-05-03 19:14:25.882 +06 [13560] РЎРћРћР‘Р©Р•РќРР•:  РЅРµ СѓРґР°Р»РѕСЃСЊ РїРѕР»СѓС‡РёС‚СЊ РґР°РЅРЅС‹Рµ РѕС‚ РєР»РёРµРЅС‚Р°: An existing connection was forcibly closed by the remote host.
	
2023-05-03 19:14:25.882 +06 [13560] РЎРћРћР‘Р©Р•РќРР•:  РЅРµРѕР¶РёРґР°РЅРЅС‹Р№ РѕР±СЂС‹РІ СЃРѕРµРґРёРЅРµРЅРёСЏ СЃ РєР»РёРµРЅС‚РѕРј РїСЂРё РѕС‚РєСЂС‹С‚РѕР№ С‚СЂР°РЅР·Р°РєС†РёРё
2023-05-03 19:17:24.213 +06 [9476] РћРЁРР‘РљРђ:  РЅРµРІРµСЂРЅС‹Р№ СЃРёРЅС‚Р°РєСЃРёСЃ РґР»СЏ С‚РёРїР° integer: "id" (СЃРёРјРІРѕР» 52)
2023-05-03 19:17:24.213 +06 [9476] РћРџР•Р РђРўРћР :  
	    UPDATE phonebook2 SET name = 'WEF' WHERE id = 'id';
	
2023-05-03 19:18:14.054 +06 [7884] СООБЩЕНИЕ:  начата контрольная точка: time
2023-05-03 19:18:15.359 +06 [7884] СООБЩЕНИЕ:  контрольная точка завершена: записано буферов: 13 (0.1%); добавлено файлов WAL 0, удалено: 0, переработано: 0; запись=1.293 сек., синхр.=0.006 сек., всего=1.306 сек.; синхронизировано_файлов=9, самая_долгая_синхр.=0.001 сек., средняя=0.001 сек.; расстояние=15 kB, ожидалось=119 kB
2023-05-03 19:20:08.088 +06 [15800] РћРЁРР‘РљРђ:  РѕС€РёР±РєР° СЃРёРЅС‚Р°РєСЃРёСЃР° (РїСЂРёРјРµСЂРЅРѕРµ РїРѕР»РѕР¶РµРЅРёРµ: "\") (СЃРёРјРІРѕР» 32)
2023-05-03 19:20:08.088 +06 [15800] РћРџР•Р РђРўРћР :  
	    UPDATE phonebook2 SET name\ = 'YIWFEWFP' WHERE id = '22';
	
2023-05-03 19:23:14.374 +06 [7884] СООБЩЕНИЕ:  начата контрольная точка: time
2023-05-03 19:23:18.868 +06 [7884] СООБЩЕНИЕ:  контрольная точка завершена: записано буферов: 42 (0.3%); добавлено файлов WAL 0, удалено: 0, переработано: 0; запись=4.454 сек., синхр.=0.033 сек., всего=4.495 сек.; синхронизировано_файлов=32, самая_долгая_синхр.=0.014 сек., средняя=0.002 сек.; расстояние=204 kB, ожидалось=204 kB
2023-05-03 20:08:14.924 +06 [7884] СООБЩЕНИЕ:  начата контрольная точка: time
2023-05-03 20:08:15.273 +06 [7884] СООБЩЕНИЕ:  контрольная точка завершена: записано буферов: 4 (0.0%); добавлено файлов WAL 0, удалено: 0, переработано: 0; запись=0.325 сек., синхр.=0.017 сек., всего=0.350 сек.; синхронизировано_файлов=4, самая_долгая_синхр.=0.014 сек., средняя=0.005 сек.; расстояние=3 kB, ожидалось=184 kB
2023-05-03 20:14:05.624 +06 [16492] РћРЁРР‘РљРђ:  РѕС‚РЅРѕС€РµРЅРёРµ "phone_book" РЅРµ СЃСѓС‰РµСЃС‚РІСѓРµС‚ (СЃРёРјРІРѕР» 20)
2023-05-03 20:14:05.624 +06 [16492] РћРџР•Р РђРўРћР :  
	    SELECT * FROM phone_book
	    OFFSET 5
	    LIMIT 2
	
2023-05-03 20:33:14.303 +06 [7884] СООБЩЕНИЕ:  начата контрольная точка: time
2023-05-03 20:33:14.547 +06 [7884] СООБЩЕНИЕ:  контрольная точка завершена: записано буферов: 3 (0.0%); добавлено файлов WAL 0, удалено: 0, переработано: 0; запись=0.225 сек., синхр.=0.008 сек., всего=0.244 сек.; синхронизировано_файлов=3, самая_долгая_синхр.=0.006 сек., средняя=0.003 сек.; расстояние=2 kB, ожидалось=166 kB
2023-05-03 20:38:14.562 +06 [7884] СООБЩЕНИЕ:  начата контрольная точка: time
2023-05-03 20:38:15.462 +06 [7884] СООБЩЕНИЕ:  контрольная точка завершена: записано буферов: 9 (0.1%); добавлено файлов WAL 0, удалено: 0, переработано: 0; запись=0.880 сек., синхр.=0.007 сек., всего=0.901 сек.; синхронизировано_файлов=9, самая_долгая_синхр.=0.002 сек., средняя=0.001 сек.; расстояние=56 kB, ожидалось=155 kB
2023-05-03 20:39:29.409 +06 [15800] РЎРћРћР‘Р©Р•РќРР•:  РЅРµ СѓРґР°Р»РѕСЃСЊ РїРѕР»СѓС‡РёС‚СЊ РґР°РЅРЅС‹Рµ РѕС‚ РєР»РёРµРЅС‚Р°: An existing connection was forcibly closed by the remote host.
	
2023-05-03 20:39:29.409 +06 [16492] РЎРћРћР‘Р©Р•РќРР•:  РЅРµ СѓРґР°Р»РѕСЃСЊ РїРѕР»СѓС‡РёС‚СЊ РґР°РЅРЅС‹Рµ РѕС‚ РєР»РёРµРЅС‚Р°: An existing connection was forcibly closed by the remote host.
	
2023-05-03 20:43:14.468 +06 [7884] СООБЩЕНИЕ:  начата контрольная точка: time
2023-05-03 20:43:15.571 +06 [7884] СООБЩЕНИЕ:  контрольная точка завершена: записано буферов: 11 (0.1%); добавлено файлов WAL 0, удалено: 0, переработано: 0; запись=1.084 сек., синхр.=0.012 сек., всего=1.103 сек.; синхронизировано_файлов=7, самая_долгая_синхр.=0.006 сек., средняя=0.002 сек.; расстояние=44 kB, ожидалось=144 kB
2023-05-03 20:51:58.187 +06 [1356] РЎРћРћР‘Р©Р•РќРР•:  РЅРµ СѓРґР°Р»РѕСЃСЊ РїРѕР»СѓС‡РёС‚СЊ РґР°РЅРЅС‹Рµ РѕС‚ РєР»РёРµРЅС‚Р°: An existing connection was forcibly closed by the remote host.
	
2023-05-03 20:53:14.590 +06 [7884] СООБЩЕНИЕ:  начата контрольная точка: time
2023-05-03 20:53:14.943 +06 [7884] СООБЩЕНИЕ:  контрольная точка завершена: записано буферов: 4 (0.0%); добавлено файлов WAL 0, удалено: 0, переработано: 0; запись=0.333 сек., синхр.=0.008 сек., всего=0.353 сек.; синхронизировано_файлов=4, самая_долгая_синхр.=0.006 сек., средняя=0.002 сек.; расстояние=5 kB, ожидалось=130 kB
