2023-04-29 14:00:13.793 +06 [15876] СООБЩЕНИЕ:  система БД была выключена: 2023-04-29 14:00:07 +06
2023-04-29 14:05:13.799 +06 [7884] СООБЩЕНИЕ:  начата контрольная точка: time
2023-04-29 14:05:21.521 +06 [7884] СООБЩЕНИЕ:  контрольная точка завершена: записано буферов: 73 (0.4%); добавлено файлов WAL 0, удалено: 0, переработано: 0; запись=7.681 сек., синхр.=0.021 сек., всего=7.724 сек.; синхронизировано_файлов=31, самая_долгая_синхр.=0.006 сек., средняя=0.001 сек.; расстояние=394 kB, ожидалось=394 kB
2023-04-29 15:17:36.741 +06 [11036] ВАЖНО:  пользователь "postgres" не прошёл проверку подлинности (по паролю)
2023-04-29 15:17:36.741 +06 [11036] ПОДРОБНОСТИ:  Подключение соответствует строке 89 в pg_hba.conf: "host    all             all             ::1/128                 scram-sha-256"
2023-04-29 15:17:54.529 +06 [20976] ВАЖНО:  пользователь "postgres" не прошёл проверку подлинности (по паролю)
2023-04-29 15:17:54.529 +06 [20976] ПОДРОБНОСТИ:  Подключение соответствует строке 89 в pg_hba.conf: "host    all             all             ::1/128                 scram-sha-256"
2023-04-29 15:18:06.981 +06 [17092] ВАЖНО:  пользователь "postgres" не прошёл проверку подлинности (по паролю)
2023-04-29 15:18:06.981 +06 [17092] ПОДРОБНОСТИ:  Подключение соответствует строке 89 в pg_hba.conf: "host    all             all             ::1/128                 scram-sha-256"
2023-04-29 15:20:50.186 +06 [7884] СООБЩЕНИЕ:  начата контрольная точка: time
2023-04-29 15:20:50.860 +06 [7884] СООБЩЕНИЕ:  контрольная точка завершена: записано буферов: 6 (0.0%); добавлено файлов WAL 0, удалено: 0, переработано: 0; запись=0.655 сек., синхр.=0.003 сек., всего=0.675 сек.; синхронизировано_файлов=2, самая_долгая_синхр.=0.002 сек., средняя=0.002 сек.; расстояние=37 kB, ожидалось=358 kB
2023-04-29 15:24:30.665 +06 [6460] ВАЖНО:  пользователь "postgres" не прошёл проверку подлинности (по паролю)
2023-04-29 15:24:30.665 +06 [6460] ПОДРОБНОСТИ:  Подключение соответствует строке 89 в pg_hba.conf: "host    all             all             ::1/128                 scram-sha-256"
2023-04-29 15:24:55.632 +06 [15372] ВАЖНО:  пользователь "postgres" не прошёл проверку подлинности (по паролю)
2023-04-29 15:24:55.632 +06 [15372] ПОДРОБНОСТИ:  Подключение соответствует строке 89 в pg_hba.conf: "host    all             all             ::1/128                 scram-sha-256"
2023-04-29 15:27:22.463 +06 [12680] ВАЖНО:  пользователь "postgres" не прошёл проверку подлинности (по паролю)
2023-04-29 15:27:22.463 +06 [12680] ПОДРОБНОСТИ:  Подключение соответствует строке 89 в pg_hba.conf: "host    all             all             ::1/128                 scram-sha-256"
2023-04-29 15:27:52.174 +06 [16724] ВАЖНО:  пользователь "postgres" не прошёл проверку подлинности (по паролю)
2023-04-29 15:27:52.174 +06 [16724] ПОДРОБНОСТИ:  Подключение соответствует строке 89 в pg_hba.conf: "host    all             all             ::1/128                 scram-sha-256"
2023-04-29 15:29:13.206 +06 [7884] СООБЩЕНИЕ:  начата контрольная точка: immediate force wait
2023-04-29 15:29:13.226 +06 [7884] СООБЩЕНИЕ:  контрольная точка завершена: записано буферов: 4 (0.0%); добавлено файлов WAL 0, удалено: 0, переработано: 0; запись=0.004 сек., синхр.=0.004 сек., всего=0.020 сек.; синхронизировано_файлов=4, самая_долгая_синхр.=0.002 сек., средняя=0.001 сек.; расстояние=4227 kB, ожидалось=4227 kB
2023-04-29 15:34:13.240 +06 [7884] СООБЩЕНИЕ:  начата контрольная точка: time
2023-04-29 15:34:30.633 +06 [7800] ВАЖНО:  пользователь "postgres" не прошёл проверку подлинности (по паролю)
2023-04-29 15:34:30.633 +06 [7800] ПОДРОБНОСТИ:  Подключение соответствует строке 89 в pg_hba.conf: "host    all             all             ::1/128                 scram-sha-256"
2023-04-29 15:35:54.350 +06 [7884] СООБЩЕНИЕ:  контрольная точка завершена: записано буферов: 925 (5.6%); добавлено файлов WAL 1, удалено: 0, переработано: 0; запись=100.854 сек., синхр.=0.175 сек., всего=101.110 сек.; синхронизировано_файлов=249, самая_долгая_синхр.=0.006 сек., средняя=0.001 сек.; расстояние=4227 kB, ожидалось=4227 kB
2023-04-29 15:36:52.239 +06 [18544] РЎРћРћР‘Р©Р•РќРР•:  РЅРµ СѓРґР°Р»РѕСЃСЊ РїРѕР»СѓС‡РёС‚СЊ РґР°РЅРЅС‹Рµ РѕС‚ РєР»РёРµРЅС‚Р°: An existing connection was forcibly closed by the remote host.
	
2023-04-29 15:36:52.239 +06 [1828] РЎРћРћР‘Р©Р•РќРР•:  РЅРµ СѓРґР°Р»РѕСЃСЊ РїРѕР»СѓС‡РёС‚СЊ РґР°РЅРЅС‹Рµ РѕС‚ РєР»РёРµРЅС‚Р°: An existing connection was forcibly closed by the remote host.
	
2023-04-29 15:36:55.066 +06 [10136] РЎРћРћР‘Р©Р•РќРР•:  РЅРµ СѓРґР°Р»РѕСЃСЊ РїРѕР»СѓС‡РёС‚СЊ РґР°РЅРЅС‹Рµ РѕС‚ РєР»РёРµРЅС‚Р°: An existing connection was forcibly closed by the remote host.
	
2023-04-29 21:13:07.073 +06 [12256] ВАЖНО:  пользователь "postgres" не прошёл проверку подлинности (по паролю)
2023-04-29 21:13:07.073 +06 [12256] ПОДРОБНОСТИ:  Подключение соответствует строке 89 в pg_hba.conf: "host    all             all             ::1/128                 scram-sha-256"
2023-04-29 21:17:42.390 +06 [7884] СООБЩЕНИЕ:  начата контрольная точка: time
2023-04-29 21:17:47.716 +06 [7884] СООБЩЕНИЕ:  контрольная точка завершена: записано буферов: 49 (0.3%); добавлено файлов WAL 0, удалено: 0, переработано: 0; запись=5.268 сек., синхр.=0.030 сек., всего=5.327 сек.; синхронизировано_файлов=37, самая_долгая_синхр.=0.002 сек., средняя=0.001 сек.; расстояние=151 kB, ожидалось=3819 kB
2023-04-29 22:02:42.796 +06 [7884] СООБЩЕНИЕ:  начата контрольная точка: time
2023-04-29 22:02:43.041 +06 [7884] СООБЩЕНИЕ:  контрольная точка завершена: записано буферов: 2 (0.0%); добавлено файлов WAL 0, удалено: 0, переработано: 0; запись=0.217 сек., синхр.=0.006 сек., всего=0.246 сек.; синхронизировано_файлов=1, самая_долгая_синхр.=0.006 сек., средняя=0.006 сек.; расстояние=10 kB, ожидалось=3438 kB
2023-04-29 22:23:03.555 +06 [1824] РћРЁРР‘РљРђ:  РѕС‚РЅРѕС€РµРЅРёРµ "phone_book" СѓР¶Рµ СЃСѓС‰РµСЃС‚РІСѓРµС‚
2023-04-29 22:23:03.555 +06 [1824] РћРџР•Р РђРўРћР :  
	CREATE TABLE phone_book (
	    id SERIAL PRIMARY KEY,
	    name VARCHAR(255) NOT NULL,
	    phone VARCHAR(255) NOT NULL
	);
	
2023-04-29 22:27:42.083 +06 [7884] СООБЩЕНИЕ:  начата контрольная точка: time
2023-04-29 22:27:44.621 +06 [7884] СООБЩЕНИЕ:  контрольная точка завершена: записано буферов: 23 (0.1%); добавлено файлов WAL 0, удалено: 0, переработано: 0; запись=2.485 сек., синхр.=0.031 сек., всего=2.538 сек.; синхронизировано_файлов=21, самая_долгая_синхр.=0.014 сек., средняя=0.002 сек.; расстояние=58 kB, ожидалось=3100 kB
2023-04-29 22:30:47.995 +06 [17232] РћРЁРР‘РљРђ:  РѕС‚РЅРѕС€РµРЅРёРµ "phone_book" СѓР¶Рµ СЃСѓС‰РµСЃС‚РІСѓРµС‚
2023-04-29 22:30:47.995 +06 [17232] РћРџР•Р РђРўРћР :  
	CREATE TABLE phone_book (
	    id SERIAL PRIMARY KEY,
	    name VARCHAR(255) NOT NULL,
	    phone VARCHAR(255) NOT NULL
	);
	
2023-04-29 22:32:42.629 +06 [7884] СООБЩЕНИЕ:  начата контрольная точка: time
2023-04-29 22:32:44.417 +06 [7884] СООБЩЕНИЕ:  контрольная точка завершена: записано буферов: 17 (0.1%); добавлено файлов WAL 0, удалено: 0, переработано: 0; запись=1.741 сек., синхр.=0.026 сек., всего=1.789 сек.; синхронизировано_файлов=18, самая_долгая_синхр.=0.007 сек., средняя=0.002 сек.; расстояние=54 kB, ожидалось=2796 kB
2023-04-29 22:37:42.426 +06 [7884] СООБЩЕНИЕ:  начата контрольная точка: time
2023-04-29 22:37:46.656 +06 [7884] СООБЩЕНИЕ:  контрольная точка завершена: записано буферов: 39 (0.2%); добавлено файлов WAL 0, удалено: 0, переработано: 0; запись=4.164 сек., синхр.=0.035 сек., всего=4.230 сек.; синхронизировано_файлов=33, самая_долгая_синхр.=0.006 сек., средняя=0.002 сек.; расстояние=143 kB, ожидалось=2530 kB
2023-04-29 22:40:54.481 +06 [14736] РћРЁРР‘РљРђ:  РѕС‚РЅРѕС€РµРЅРёРµ "phonebook" СѓР¶Рµ СЃСѓС‰РµСЃС‚РІСѓРµС‚
2023-04-29 22:40:54.481 +06 [14736] РћРџР•Р РђРўРћР :  
	CREATE TABLE phonebook (
	    id SERIAL PRIMARY KEY,
	    name VARCHAR(255) NOT NULL,
	    phone VARCHAR(255) NOT NULL
	);
	
2023-04-29 22:42:42.669 +06 [7884] СООБЩЕНИЕ:  начата контрольная точка: time
2023-04-29 22:42:44.715 +06 [7884] СООБЩЕНИЕ:  контрольная точка завершена: записано буферов: 19 (0.1%); добавлено файлов WAL 0, удалено: 0, переработано: 0; запись=1.997 сек., синхр.=0.028 сек., всего=2.047 сек.; синхронизировано_файлов=18, самая_долгая_синхр.=0.014 сек., средняя=0.002 сек.; расстояние=55 kB, ожидалось=2283 kB
2023-04-29 22:54:17.795 +06 [15844] РћРЁРР‘РљРђ:  РѕС‚РЅРѕС€РµРЅРёРµ "phonebook" СѓР¶Рµ СЃСѓС‰РµСЃС‚РІСѓРµС‚
2023-04-29 22:54:17.795 +06 [15844] РћРџР•Р РђРўРћР :  
	CREATE TABLE phonebook (
	    id SERIAL PRIMARY KEY,
	    name VARCHAR(255) NOT NULL,
	    phone VARCHAR(255) NOT NULL
	);
	
2023-04-29 22:57:42.735 +06 [7884] СООБЩЕНИЕ:  начата контрольная точка: time
2023-04-29 22:57:44.789 +06 [7884] СООБЩЕНИЕ:  контрольная точка завершена: записано буферов: 19 (0.1%); добавлено файлов WAL 0, удалено: 0, переработано: 0; запись=2.009 сек., синхр.=0.019 сек., всего=2.055 сек.; синхронизировано_файлов=18, самая_долгая_синхр.=0.006 сек., средняя=0.002 сек.; расстояние=51 kB, ожидалось=2060 kB
2023-04-29 23:02:42.797 +06 [7884] СООБЩЕНИЕ:  начата контрольная точка: time
2023-04-29 23:02:47.470 +06 [7884] СООБЩЕНИЕ:  контрольная точка завершена: записано буферов: 43 (0.3%); добавлено файлов WAL 0, удалено: 0, переработано: 0; запись=4.615 сек., синхр.=0.031 сек., всего=4.674 сек.; синхронизировано_файлов=33, самая_долгая_синхр.=0.005 сек., средняя=0.001 сек.; расстояние=211 kB, ожидалось=1875 kB
2023-04-29 23:07:42.478 +06 [7884] СООБЩЕНИЕ:  начата контрольная точка: time
2023-04-29 23:07:43.490 +06 [7884] СООБЩЕНИЕ:  контрольная точка завершена: записано буферов: 10 (0.1%); добавлено файлов WAL 0, удалено: 0, переработано: 0; запись=0.990 сек., синхр.=0.007 сек., всего=1.013 сек.; синхронизировано_файлов=9, самая_долгая_синхр.=0.001 сек., средняя=0.001 сек.; расстояние=1 kB, ожидалось=1687 kB
2023-04-29 23:17:42.498 +06 [7884] СООБЩЕНИЕ:  начата контрольная точка: time
2023-04-29 23:17:44.197 +06 [7884] СООБЩЕНИЕ:  контрольная точка завершена: записано буферов: 16 (0.1%); добавлено файлов WAL 0, удалено: 0, переработано: 0; запись=1.645 сек., синхр.=0.023 сек., всего=1.699 сек.; синхронизировано_файлов=11, самая_долгая_синхр.=0.014 сек., средняя=0.003 сек.; расстояние=80 kB, ожидалось=1527 kB
2023-04-29 23:47:10.122 +06 [14796] ВАЖНО:  пользователь "postgres" не прошёл проверку подлинности (по паролю)
2023-04-29 23:47:10.122 +06 [14796] ПОДРОБНОСТИ:  Подключение соответствует строке 89 в pg_hba.conf: "host    all             all             ::1/128                 scram-sha-256"
2023-04-29 23:52:42.243 +06 [7884] СООБЩЕНИЕ:  начата контрольная точка: time
2023-04-29 23:52:45.969 +06 [7884] СООБЩЕНИЕ:  контрольная точка завершена: записано буферов: 35 (0.2%); добавлено файлов WAL 0, удалено: 0, переработано: 0; запись=3.696 сек., синхр.=0.017 сек., всего=3.726 сек.; синхронизировано_файлов=30, самая_долгая_синхр.=0.002 сек., средняя=0.001 сек.; расстояние=154 kB, ожидалось=1389 kB
2023-04-29 23:56:09.272 +06 [10932] РћРЁРР‘РљРђ:  СЃС‚РѕР»Р±РµС† "score" РІ С‚Р°Р±Р»РёС†Рµ "snake" РЅРµ СЃСѓС‰РµСЃС‚РІСѓРµС‚ (СЃРёРјРІРѕР» 19)
2023-04-29 23:56:09.272 +06 [10932] РћРџР•Р РђРўРћР :  
	UPDATE snake
	SET score = 4
	WHERE name = ''
2023-04-30 00:09:20.093 +06 [4144] РЎРћРћР‘Р©Р•РќРР•:  РЅРµ СѓРґР°Р»РѕСЃСЊ РїРѕР»СѓС‡РёС‚СЊ РґР°РЅРЅС‹Рµ РѕС‚ РєР»РёРµРЅС‚Р°: An existing connection was forcibly closed by the remote host.
	
2023-04-30 00:09:20.093 +06 [5896] РЎРћРћР‘Р©Р•РќРР•:  РЅРµ СѓРґР°Р»РѕСЃСЊ РїРѕР»СѓС‡РёС‚СЊ РґР°РЅРЅС‹Рµ РѕС‚ РєР»РёРµРЅС‚Р°: An existing connection was forcibly closed by the remote host.
	
2023-04-30 00:09:20.093 +06 [4276] РЎРћРћР‘Р©Р•РќРР•:  РЅРµ СѓРґР°Р»РѕСЃСЊ РїРѕР»СѓС‡РёС‚СЊ РґР°РЅРЅС‹Рµ РѕС‚ РєР»РёРµРЅС‚Р°: An existing connection was forcibly closed by the remote host.
	
2023-04-30 00:09:20.093 +06 [1488] РЎРћРћР‘Р©Р•РќРР•:  РЅРµ СѓРґР°Р»РѕСЃСЊ РїРѕР»СѓС‡РёС‚СЊ РґР°РЅРЅС‹Рµ РѕС‚ РєР»РёРµРЅС‚Р°: An existing connection was forcibly closed by the remote host.
	
2023-04-30 00:09:20.093 +06 [1400] РЎРћРћР‘Р©Р•РќРР•:  РЅРµ СѓРґР°Р»РѕСЃСЊ РїРѕР»СѓС‡РёС‚СЊ РґР°РЅРЅС‹Рµ РѕС‚ РєР»РёРµРЅС‚Р°: An existing connection was forcibly closed by the remote host.
	
2023-04-30 00:09:20.093 +06 [1812] РЎРћРћР‘Р©Р•РќРР•:  РЅРµ СѓРґР°Р»РѕСЃСЊ РїРѕР»СѓС‡РёС‚СЊ РґР°РЅРЅС‹Рµ РѕС‚ РєР»РёРµРЅС‚Р°: An existing connection was forcibly closed by the remote host.
	
2023-04-30 00:09:20.094 +06 [8812] РЎРћРћР‘Р©Р•РќРР•:  РЅРµ СѓРґР°Р»РѕСЃСЊ РїРѕР»СѓС‡РёС‚СЊ РґР°РЅРЅС‹Рµ РѕС‚ РєР»РёРµРЅС‚Р°: An existing connection was forcibly closed by the remote host.
	
2023-04-30 00:09:20.094 +06 [16740] РЎРћРћР‘Р©Р•РќРР•:  РЅРµ СѓРґР°Р»РѕСЃСЊ РїРѕР»СѓС‡РёС‚СЊ РґР°РЅРЅС‹Рµ РѕС‚ РєР»РёРµРЅС‚Р°: An existing connection was forcibly closed by the remote host.
	
2023-04-30 12:20:04.368 +06 [7884] СООБЩЕНИЕ:  начата контрольная точка: time
2023-04-30 12:20:05.576 +06 [7884] СООБЩЕНИЕ:  контрольная точка завершена: записано буферов: 12 (0.1%); добавлено файлов WAL 0, удалено: 0, переработано: 0; запись=1.194 сек., синхр.=0.006 сек., всего=1.208 сек.; синхронизировано_файлов=10, самая_долгая_синхр.=0.001 сек., средняя=0.001 сек.; расстояние=52 kB, ожидалось=1256 kB
2023-04-30 13:26:57.756 +06 [11320] РЎРћРћР‘Р©Р•РќРР•:  РЅРµ СѓРґР°Р»РѕСЃСЊ РїРѕР»СѓС‡РёС‚СЊ РґР°РЅРЅС‹Рµ РѕС‚ РєР»РёРµРЅС‚Р°: An existing connection was forcibly closed by the remote host.
	
2023-04-30 13:26:57.756 +06 [21804] РЎРћРћР‘Р©Р•РќРР•:  РЅРµ СѓРґР°Р»РѕСЃСЊ РїРѕР»СѓС‡РёС‚СЊ РґР°РЅРЅС‹Рµ РѕС‚ РєР»РёРµРЅС‚Р°: An existing connection was forcibly closed by the remote host.
	
2023-04-30 13:26:57.756 +06 [1352] РЎРћРћР‘Р©Р•РќРР•:  РЅРµ СѓРґР°Р»РѕСЃСЊ РїРѕР»СѓС‡РёС‚СЊ РґР°РЅРЅС‹Рµ РѕС‚ РєР»РёРµРЅС‚Р°: An existing connection was forcibly closed by the remote host.
	
2023-04-30 13:26:57.758 +06 [11392] РЎРћРћР‘Р©Р•РќРР•:  РЅРµ СѓРґР°Р»РѕСЃСЊ РїРѕР»СѓС‡РёС‚СЊ РґР°РЅРЅС‹Рµ РѕС‚ РєР»РёРµРЅС‚Р°: An existing connection was forcibly closed by the remote host.
	
2023-04-30 13:26:57.758 +06 [12944] РЎРћРћР‘Р©Р•РќРР•:  РЅРµ СѓРґР°Р»РѕСЃСЊ РїРѕР»СѓС‡РёС‚СЊ РґР°РЅРЅС‹Рµ РѕС‚ РєР»РёРµРЅС‚Р°: An existing connection was forcibly closed by the remote host.
	
2023-04-30 13:26:57.799 +06 [15596] СООБЩЕНИЕ:  не удалось получить данные от клиента: An existing connection was forcibly closed by the remote host.
	
2023-04-30 17:28:41.472 +06 [13692] РћРЁРР‘РљРђ:  РѕС‚РЅРѕС€РµРЅРёРµ "snake" РЅРµ СЃСѓС‰РµСЃС‚РІСѓРµС‚ (СЃРёРјРІРѕР» 13)
2023-04-30 17:28:41.472 +06 [13692] РћРџР•Р РђРўРћР :  
	    UPDATE snake
	    SET score = 9
	    WHERE name = 'WED' AND level = 1
2023-04-30 17:28:56.409 +06 [13528] РћРЁРР‘РљРђ:  РѕС‚РЅРѕС€РµРЅРёРµ "snake" СѓР¶Рµ СЃСѓС‰РµСЃС‚РІСѓРµС‚
2023-04-30 17:28:56.409 +06 [13528] РћРџР•Р РђРўРћР :  
	CREATE TABLE snake (
	    id SERIAL PRIMARY KEY,
	    name VARCHAR(255) NOT NULL,
	    score INTEGER NOT NULL,
	    level INTEGER NOT NULL
	);
	
2023-04-30 17:29:22.513 +06 [6964] РћРЁРР‘РљРђ:  РЅРµРІРµСЂРЅС‹Р№ СЃРёРЅС‚Р°РєСЃРёСЃ РґР»СЏ С‚РёРїР° integer: "" (СЃРёРјРІРѕР» 42)
2023-04-30 17:29:22.513 +06 [6964] РћРџР•Р РђРўРћР :  
	    INSERT INTO snake VALUES (DEFAULT,9,'',1)
2023-04-30 17:30:12.804 +06 [7884] СООБЩЕНИЕ:  начата контрольная точка: time
2023-04-30 17:30:16.338 +06 [7884] СООБЩЕНИЕ:  контрольная точка завершена: записано буферов: 33 (0.2%); добавлено файлов WAL 0, удалено: 0, переработано: 0; запись=3.486 сек., синхр.=0.028 сек., всего=3.534 сек.; синхронизировано_файлов=30, самая_долгая_синхр.=0.002 сек., средняя=0.001 сек.; расстояние=149 kB, ожидалось=1145 kB
2023-04-30 17:32:37.697 +06 [7436] РћРЁРР‘РљРђ:  РЅРµРІРµСЂРЅС‹Р№ СЃРёРЅС‚Р°РєСЃРёСЃ РґР»СЏ С‚РёРїР° integer: "horhe" (СЃРёРјРІРѕР» 43)
2023-04-30 17:32:37.697 +06 [7436] РћРџР•Р РђРўРћР :  
	    INSERT INTO snake VALUES (DEFAULT,21,'horhe',4)
2023-04-30 17:35:03.045 +06 [12680] РћРЁРР‘РљРђ:  РѕРїРµСЂР°С‚РѕСЂ РЅРµ СЃСѓС‰РµСЃС‚РІСѓРµС‚: character varying = integer (СЃРёРјРІРѕР» 59)
2023-04-30 17:35:03.045 +06 [12680] РџРћР”РЎРљРђР—РљРђ:  РћРїРµСЂР°С‚РѕСЂ СЃ РґР°РЅРЅС‹РјРё РёРјРµРЅРµРј Рё С‚РёРїР°РјРё Р°СЂРіСѓРјРµРЅС‚РѕРІ РЅРµ РЅР°Р№РґРµРЅ. Р’РѕР·РјРѕР¶РЅРѕ, РІР°Рј СЃР»РµРґСѓРµС‚ РґРѕР±Р°РІРёС‚СЊ СЏРІРЅС‹Рµ РїСЂРёРІРµРґРµРЅРёСЏ С‚РёРїРѕРІ.
2023-04-30 17:35:03.045 +06 [12680] РћРџР•Р РђРўРћР :  
	    UPDATE snake
	    SET score = 'George'
	    WHERE name = 31 AND level = 6
	    
2023-04-30 17:36:50.180 +06 [15972] РћРЁРР‘РљРђ:  РѕС€РёР±РєР° СЃРёРЅС‚Р°РєСЃРёСЃР° (РїСЂРёРјРµСЂРЅРѕРµ РїРѕР»РѕР¶РµРЅРёРµ: "{") (СЃРёРјРІРѕР» 35)
2023-04-30 17:36:50.180 +06 [15972] РћРџР•Р РђРўРћР :  
	    UPDATE snake
	    SET score = {totalen}
	    WHERE name = {name} AND level = {level}
	    
2023-04-30 17:39:49.803 +06 [8492] РћРЁРР‘РљРђ:  РѕС€РёР±РєР° СЃРёРЅС‚Р°РєСЃРёСЃР° (РїСЂРёРјРµСЂРЅРѕРµ РїРѕР»РѕР¶РµРЅРёРµ: "{") (СЃРёРјРІРѕР» 35)
2023-04-30 17:39:49.803 +06 [8492] РћРџР•Р РђРўРћР :  
	    UPDATE snake
	    SET score = {totalen}
	    WHERE name = {name} AND level = {level}
	    
2023-04-30 17:41:48.470 +06 [17640] РћРЁРР‘РљРђ:  РѕС€РёР±РєР° СЃРёРЅС‚Р°РєСЃРёСЃР° (РїСЂРёРјРµСЂРЅРѕРµ РїРѕР»РѕР¶РµРЅРёРµ: "{") (СЃРёРјРІРѕР» 35)
2023-04-30 17:41:48.470 +06 [17640] РћРџР•Р РђРўРћР :  
	    UPDATE snake
	    SET score = {totalen}
	    WHERE name = {name} AND level = {level}
	    
